<?xml version="1.0" encoding="UTF-8"?>
<!-- Generated by org.testng.reporters.JUnitReportReporter -->
<testsuite hostname="LAPTOP-08BCMP6K" failures="0" tests="1" name="firstpack.Example1" time="41.504" errors="0" timestamp="2023-06-07T17:32:35 IST" skipped="0">
  <testcase classname="firstpack.Example1" name="sampleTest" time="41.504"/>
  <system-out/>
</testsuite> <!-- firstpack.Example1 -->
